{
  "RSpec": {
    "coverage": {
      "/home/curtis/bloc/my-wiki-project/spec/models/collaborator_spec.rb": [
        null,
        null,
        null,
        null,
        null,
        null,
        null,
        null,
        null,
        null,
        null,
        null,
        1,
        null,
        1,
        null,
        null,
        1,
        1,
        1,
        null,
        null,
        null,
        1,
        null,
        2,
        2,
        2,
        null,
        null
      ],
      "/home/curtis/bloc/my-wiki-project/spec/rails_helper.rb": [
        null,
        1,
        1,
        1,
        null,
        null,
        null,
        1,
        1,
        null,
        null,
        1,
        null,
        null,
        null,
        null,
        null,
        null,
        null,
        null,
        null,
        null,
        null,
        null,
        null,
        null,
        null,
        null,
        null,
        null,
        1,
        null,
        1,
        null,
        1,
        null,
        null,
        1,
        null,
        null,
        null,
        null,
        1,
        null,
        null,
        null,
        null,
        null,
        null,
        null,
        null,
        null,
        null,
        null,
        null,
        null,
        null,
        1,
        null,
        null,
        1,
        null,
        null,
        null,
        null,
        null,
        1,
        1,
        null
      ],
      "/home/curtis/bloc/my-wiki-project/app/models/collaborator.rb": [
        1,
        1,
        1,
        1,
        null
      ]
    },
    "timestamp": 1526237133
  }
}
